<?xml version="1.0" encoding="UTF-8"?>
<!-- Generated by org.testng.reporters.JUnitXMLReporter -->
<testsuite hostname="Kavuris-MBP" name="Default test" tests="8" failures="0" timestamp="28 Feb 2018 09:39:55 GMT" time="30.584" errors="0">
  <testcase name="VerifyLoginWithInvalidCradentiols" time="3.327" classname="com.test.automation.uiAutomations.homepage.TC001_VerifyLoginWithInvalidCradentiols"/>
  <testcase name="VerifyLoginWithInvalidCradentiols" time="2.372" classname="com.test.automation.uiAutomations.homepage.TC001_VerifyLoginWithInvalidCradentiols"/>
  <testcase name="VerifyLoginWithInvalidCradentiols" time="2.507" classname="com.test.automation.uiAutomations.homepage.TC001_VerifyLoginWithInvalidCradentiols"/>
  <testcase name="VerifyLoginWithInvalidCradentiols" time="2.547" classname="com.test.automation.uiAutomations.homepage.TC001_VerifyLoginWithInvalidCradentiols"/>
  <testcase name="VerifyLoginWithInvalidCradentiols" time="2.507" classname="com.test.automation.uiAutomations.homepage.TC001_VerifyLoginWithInvalidCradentiols"/>
  <testcase name="VerifyLoginWithInvalidCradentiols" time="2.399" classname="com.test.automation.uiAutomations.homepage.TC001_VerifyLoginWithInvalidCradentiols"/>
  <testcase name="VerifyLoginWithInvalidCradentiols" time="2.539" classname="com.test.automation.uiAutomations.homepage.TC001_VerifyLoginWithInvalidCradentiols"/>
  <testcase name="VerifyLoginWithInvalidCradentiols" time="2.528" classname="com.test.automation.uiAutomations.homepage.TC001_VerifyLoginWithInvalidCradentiols"/>
</testsuite> <!-- Default test -->
