<?xml version="1.0" encoding="UTF-8"?>
<testng-results skipped="0" failed="0" total="8" passed="8">
  <reporter-output>
    <line>
      <![CDATA[<a href='/Users/kavurichowdary/Desktop/Harsha1/uiAutomations/src/main/java/com/test/automation/uiAutomation/screenshot/VerifyLoginWithInvalidCradentiols_28_02_2018_09_39_37.png'> <img src='/Users/kavurichowdary/Desktop/Harsha1/uiAutomations/src/main/java/com/test/automation/uiAutomation/screenshot/VerifyLoginWithInvalidCradentiols_28_02_2018_09_39_37.png' height='100' width='100'/> </a>]]>
    </line>
    <line>
      <![CDATA[<a href='/Users/kavurichowdary/Desktop/Harsha1/uiAutomations/src/main/java/com/test/automation/uiAutomation/screenshot/VerifyLoginWithInvalidCradentiols_28_02_2018_09_39_39.png'> <img src='/Users/kavurichowdary/Desktop/Harsha1/uiAutomations/src/main/java/com/test/automation/uiAutomation/screenshot/VerifyLoginWithInvalidCradentiols_28_02_2018_09_39_39.png' height='100' width='100'/> </a>]]>
    </line>
    <line>
      <![CDATA[<a href='/Users/kavurichowdary/Desktop/Harsha1/uiAutomations/src/main/java/com/test/automation/uiAutomation/screenshot/VerifyLoginWithInvalidCradentiols_28_02_2018_09_39_42.png'> <img src='/Users/kavurichowdary/Desktop/Harsha1/uiAutomations/src/main/java/com/test/automation/uiAutomation/screenshot/VerifyLoginWithInvalidCradentiols_28_02_2018_09_39_42.png' height='100' width='100'/> </a>]]>
    </line>
    <line>
      <![CDATA[<a href='/Users/kavurichowdary/Desktop/Harsha1/uiAutomations/src/main/java/com/test/automation/uiAutomation/screenshot/VerifyLoginWithInvalidCradentiols_28_02_2018_09_39_45.png'> <img src='/Users/kavurichowdary/Desktop/Harsha1/uiAutomations/src/main/java/com/test/automation/uiAutomation/screenshot/VerifyLoginWithInvalidCradentiols_28_02_2018_09_39_45.png' height='100' width='100'/> </a>]]>
    </line>
    <line>
      <![CDATA[<a href='/Users/kavurichowdary/Desktop/Harsha1/uiAutomations/src/main/java/com/test/automation/uiAutomation/screenshot/VerifyLoginWithInvalidCradentiols_28_02_2018_09_39_47.png'> <img src='/Users/kavurichowdary/Desktop/Harsha1/uiAutomations/src/main/java/com/test/automation/uiAutomation/screenshot/VerifyLoginWithInvalidCradentiols_28_02_2018_09_39_47.png' height='100' width='100'/> </a>]]>
    </line>
    <line>
      <![CDATA[<a href='/Users/kavurichowdary/Desktop/Harsha1/uiAutomations/src/main/java/com/test/automation/uiAutomation/screenshot/VerifyLoginWithInvalidCradentiols_28_02_2018_09_39_49.png'> <img src='/Users/kavurichowdary/Desktop/Harsha1/uiAutomations/src/main/java/com/test/automation/uiAutomation/screenshot/VerifyLoginWithInvalidCradentiols_28_02_2018_09_39_49.png' height='100' width='100'/> </a>]]>
    </line>
    <line>
      <![CDATA[<a href='/Users/kavurichowdary/Desktop/Harsha1/uiAutomations/src/main/java/com/test/automation/uiAutomation/screenshot/VerifyLoginWithInvalidCradentiols_28_02_2018_09_39_52.png'> <img src='/Users/kavurichowdary/Desktop/Harsha1/uiAutomations/src/main/java/com/test/automation/uiAutomation/screenshot/VerifyLoginWithInvalidCradentiols_28_02_2018_09_39_52.png' height='100' width='100'/> </a>]]>
    </line>
    <line>
      <![CDATA[<a href='/Users/kavurichowdary/Desktop/Harsha1/uiAutomations/src/main/java/com/test/automation/uiAutomation/screenshot/VerifyLoginWithInvalidCradentiols_28_02_2018_09_39_55.png'> <img src='/Users/kavurichowdary/Desktop/Harsha1/uiAutomations/src/main/java/com/test/automation/uiAutomation/screenshot/VerifyLoginWithInvalidCradentiols_28_02_2018_09_39_55.png' height='100' width='100'/> </a>]]>
    </line>
  </reporter-output>
  <suite name="Default suite" duration-ms="30584" started-at="2018-02-28T09:39:25Z" finished-at="2018-02-28T09:39:55Z">
    <groups>
    </groups>
    <test name="Default test" duration-ms="30584" started-at="2018-02-28T09:39:25Z" finished-at="2018-02-28T09:39:55Z">
      <class name="com.test.automation.uiAutomations.homepage.TC001_VerifyLoginWithInvalidCradentiols">
        <test-method status="PASS" signature="setUp()[pri:0, instance:com.test.automation.uiAutomations.homepage.TC001_VerifyLoginWithInvalidCradentiols@204f30ec]" name="setUp" is-config="true" duration-ms="8091" started-at="2018-02-28T09:39:25Z" finished-at="2018-02-28T09:39:33Z">
          <reporter-output>
          </reporter-output>
        </test-method> <!-- setUp -->
        <test-method status="PASS" signature="VerifyLoginWithInvalidCradentiols(java.lang.String, java.lang.String, java.lang.String)[pri:0, instance:com.test.automation.uiAutomations.homepage.TC001_VerifyLoginWithInvalidCradentiols@204f30ec]" name="VerifyLoginWithInvalidCradentiols" duration-ms="3327" started-at="2018-02-28T09:39:34Z" data-provider="logindata" finished-at="2018-02-28T09:39:38Z">
          <params>
            <param index="0">
              <value>
                <![CDATA[harsha1@xyz.com]]>
              </value>
            </param>
            <param index="1">
              <value>
                <![CDATA[harsha1]]>
              </value>
            </param>
            <param index="2">
              <value>
                <![CDATA[Y]]>
              </value>
            </param>
          </params>
          <reporter-output>
            <line>
              <![CDATA[<a href='/Users/kavurichowdary/Desktop/Harsha1/uiAutomations/src/main/java/com/test/automation/uiAutomation/screenshot/VerifyLoginWithInvalidCradentiols_28_02_2018_09_39_37.png'> <img src='/Users/kavurichowdary/Desktop/Harsha1/uiAutomations/src/main/java/com/test/automation/uiAutomation/screenshot/VerifyLoginWithInvalidCradentiols_28_02_2018_09_39_37.png' height='100' width='100'/> </a>]]>
            </line>
          </reporter-output>
        </test-method> <!-- VerifyLoginWithInvalidCradentiols -->
        <test-method status="PASS" signature="VerifyLoginWithInvalidCradentiols(java.lang.String, java.lang.String, java.lang.String)[pri:0, instance:com.test.automation.uiAutomations.homepage.TC001_VerifyLoginWithInvalidCradentiols@204f30ec]" name="VerifyLoginWithInvalidCradentiols" duration-ms="2372" started-at="2018-02-28T09:39:38Z" data-provider="logindata" finished-at="2018-02-28T09:39:40Z">
          <params>
            <param index="0">
              <value>
                <![CDATA[harsha2@xyz.com]]>
              </value>
            </param>
            <param index="1">
              <value>
                <![CDATA[harsha2]]>
              </value>
            </param>
            <param index="2">
              <value>
                <![CDATA[Y]]>
              </value>
            </param>
          </params>
          <reporter-output>
            <line>
              <![CDATA[<a href='/Users/kavurichowdary/Desktop/Harsha1/uiAutomations/src/main/java/com/test/automation/uiAutomation/screenshot/VerifyLoginWithInvalidCradentiols_28_02_2018_09_39_39.png'> <img src='/Users/kavurichowdary/Desktop/Harsha1/uiAutomations/src/main/java/com/test/automation/uiAutomation/screenshot/VerifyLoginWithInvalidCradentiols_28_02_2018_09_39_39.png' height='100' width='100'/> </a>]]>
            </line>
          </reporter-output>
        </test-method> <!-- VerifyLoginWithInvalidCradentiols -->
        <test-method status="PASS" signature="VerifyLoginWithInvalidCradentiols(java.lang.String, java.lang.String, java.lang.String)[pri:0, instance:com.test.automation.uiAutomations.homepage.TC001_VerifyLoginWithInvalidCradentiols@204f30ec]" name="VerifyLoginWithInvalidCradentiols" duration-ms="2507" started-at="2018-02-28T09:39:40Z" data-provider="logindata" finished-at="2018-02-28T09:39:42Z">
          <params>
            <param index="0">
              <value>
                <![CDATA[harsha3@xyz.com]]>
              </value>
            </param>
            <param index="1">
              <value>
                <![CDATA[harsha3]]>
              </value>
            </param>
            <param index="2">
              <value>
                <![CDATA[Y]]>
              </value>
            </param>
          </params>
          <reporter-output>
            <line>
              <![CDATA[<a href='/Users/kavurichowdary/Desktop/Harsha1/uiAutomations/src/main/java/com/test/automation/uiAutomation/screenshot/VerifyLoginWithInvalidCradentiols_28_02_2018_09_39_42.png'> <img src='/Users/kavurichowdary/Desktop/Harsha1/uiAutomations/src/main/java/com/test/automation/uiAutomation/screenshot/VerifyLoginWithInvalidCradentiols_28_02_2018_09_39_42.png' height='100' width='100'/> </a>]]>
            </line>
          </reporter-output>
        </test-method> <!-- VerifyLoginWithInvalidCradentiols -->
        <test-method status="PASS" signature="VerifyLoginWithInvalidCradentiols(java.lang.String, java.lang.String, java.lang.String)[pri:0, instance:com.test.automation.uiAutomations.homepage.TC001_VerifyLoginWithInvalidCradentiols@204f30ec]" name="VerifyLoginWithInvalidCradentiols" duration-ms="2547" started-at="2018-02-28T09:39:42Z" data-provider="logindata" finished-at="2018-02-28T09:39:45Z">
          <params>
            <param index="0">
              <value>
                <![CDATA[harsha4@xyz.com]]>
              </value>
            </param>
            <param index="1">
              <value>
                <![CDATA[harsha4]]>
              </value>
            </param>
            <param index="2">
              <value>
                <![CDATA[Y]]>
              </value>
            </param>
          </params>
          <reporter-output>
            <line>
              <![CDATA[<a href='/Users/kavurichowdary/Desktop/Harsha1/uiAutomations/src/main/java/com/test/automation/uiAutomation/screenshot/VerifyLoginWithInvalidCradentiols_28_02_2018_09_39_45.png'> <img src='/Users/kavurichowdary/Desktop/Harsha1/uiAutomations/src/main/java/com/test/automation/uiAutomation/screenshot/VerifyLoginWithInvalidCradentiols_28_02_2018_09_39_45.png' height='100' width='100'/> </a>]]>
            </line>
          </reporter-output>
        </test-method> <!-- VerifyLoginWithInvalidCradentiols -->
        <test-method status="PASS" signature="VerifyLoginWithInvalidCradentiols(java.lang.String, java.lang.String, java.lang.String)[pri:0, instance:com.test.automation.uiAutomations.homepage.TC001_VerifyLoginWithInvalidCradentiols@204f30ec]" name="VerifyLoginWithInvalidCradentiols" duration-ms="2507" started-at="2018-02-28T09:39:45Z" data-provider="logindata" finished-at="2018-02-28T09:39:47Z">
          <params>
            <param index="0">
              <value>
                <![CDATA[harsha5@xyz.com]]>
              </value>
            </param>
            <param index="1">
              <value>
                <![CDATA[harsha5]]>
              </value>
            </param>
            <param index="2">
              <value>
                <![CDATA[Y]]>
              </value>
            </param>
          </params>
          <reporter-output>
            <line>
              <![CDATA[<a href='/Users/kavurichowdary/Desktop/Harsha1/uiAutomations/src/main/java/com/test/automation/uiAutomation/screenshot/VerifyLoginWithInvalidCradentiols_28_02_2018_09_39_47.png'> <img src='/Users/kavurichowdary/Desktop/Harsha1/uiAutomations/src/main/java/com/test/automation/uiAutomation/screenshot/VerifyLoginWithInvalidCradentiols_28_02_2018_09_39_47.png' height='100' width='100'/> </a>]]>
            </line>
          </reporter-output>
        </test-method> <!-- VerifyLoginWithInvalidCradentiols -->
        <test-method status="PASS" signature="VerifyLoginWithInvalidCradentiols(java.lang.String, java.lang.String, java.lang.String)[pri:0, instance:com.test.automation.uiAutomations.homepage.TC001_VerifyLoginWithInvalidCradentiols@204f30ec]" name="VerifyLoginWithInvalidCradentiols" duration-ms="2399" started-at="2018-02-28T09:39:47Z" data-provider="logindata" finished-at="2018-02-28T09:39:50Z">
          <params>
            <param index="0">
              <value>
                <![CDATA[harsha6@xyz.com]]>
              </value>
            </param>
            <param index="1">
              <value>
                <![CDATA[harsha6]]>
              </value>
            </param>
            <param index="2">
              <value>
                <![CDATA[Y]]>
              </value>
            </param>
          </params>
          <reporter-output>
            <line>
              <![CDATA[<a href='/Users/kavurichowdary/Desktop/Harsha1/uiAutomations/src/main/java/com/test/automation/uiAutomation/screenshot/VerifyLoginWithInvalidCradentiols_28_02_2018_09_39_49.png'> <img src='/Users/kavurichowdary/Desktop/Harsha1/uiAutomations/src/main/java/com/test/automation/uiAutomation/screenshot/VerifyLoginWithInvalidCradentiols_28_02_2018_09_39_49.png' height='100' width='100'/> </a>]]>
            </line>
          </reporter-output>
        </test-method> <!-- VerifyLoginWithInvalidCradentiols -->
        <test-method status="PASS" signature="VerifyLoginWithInvalidCradentiols(java.lang.String, java.lang.String, java.lang.String)[pri:0, instance:com.test.automation.uiAutomations.homepage.TC001_VerifyLoginWithInvalidCradentiols@204f30ec]" name="VerifyLoginWithInvalidCradentiols" duration-ms="2539" started-at="2018-02-28T09:39:50Z" data-provider="logindata" finished-at="2018-02-28T09:39:52Z">
          <params>
            <param index="0">
              <value>
                <![CDATA[harsha7@xyz.com]]>
              </value>
            </param>
            <param index="1">
              <value>
                <![CDATA[harsha7]]>
              </value>
            </param>
            <param index="2">
              <value>
                <![CDATA[Y]]>
              </value>
            </param>
          </params>
          <reporter-output>
            <line>
              <![CDATA[<a href='/Users/kavurichowdary/Desktop/Harsha1/uiAutomations/src/main/java/com/test/automation/uiAutomation/screenshot/VerifyLoginWithInvalidCradentiols_28_02_2018_09_39_52.png'> <img src='/Users/kavurichowdary/Desktop/Harsha1/uiAutomations/src/main/java/com/test/automation/uiAutomation/screenshot/VerifyLoginWithInvalidCradentiols_28_02_2018_09_39_52.png' height='100' width='100'/> </a>]]>
            </line>
          </reporter-output>
        </test-method> <!-- VerifyLoginWithInvalidCradentiols -->
        <test-method status="PASS" signature="VerifyLoginWithInvalidCradentiols(java.lang.String, java.lang.String, java.lang.String)[pri:0, instance:com.test.automation.uiAutomations.homepage.TC001_VerifyLoginWithInvalidCradentiols@204f30ec]" name="VerifyLoginWithInvalidCradentiols" duration-ms="2528" started-at="2018-02-28T09:39:52Z" data-provider="logindata" finished-at="2018-02-28T09:39:55Z">
          <params>
            <param index="0">
              <value>
                <![CDATA[harsha8@xyz.com]]>
              </value>
            </param>
            <param index="1">
              <value>
                <![CDATA[harsha8]]>
              </value>
            </param>
            <param index="2">
              <value>
                <![CDATA[Y]]>
              </value>
            </param>
          </params>
          <reporter-output>
            <line>
              <![CDATA[<a href='/Users/kavurichowdary/Desktop/Harsha1/uiAutomations/src/main/java/com/test/automation/uiAutomation/screenshot/VerifyLoginWithInvalidCradentiols_28_02_2018_09_39_55.png'> <img src='/Users/kavurichowdary/Desktop/Harsha1/uiAutomations/src/main/java/com/test/automation/uiAutomation/screenshot/VerifyLoginWithInvalidCradentiols_28_02_2018_09_39_55.png' height='100' width='100'/> </a>]]>
            </line>
          </reporter-output>
        </test-method> <!-- VerifyLoginWithInvalidCradentiols -->
        <test-method status="PASS" signature="endTest()[pri:0, instance:com.test.automation.uiAutomations.homepage.TC001_VerifyLoginWithInvalidCradentiols@204f30ec]" name="endTest" is-config="true" duration-ms="173" started-at="2018-02-28T09:39:55Z" finished-at="2018-02-28T09:39:55Z">
          <reporter-output>
          </reporter-output>
        </test-method> <!-- endTest -->
      </class> <!-- com.test.automation.uiAutomations.homepage.TC001_VerifyLoginWithInvalidCradentiols -->
    </test> <!-- Default test -->
  </suite> <!-- Default suite -->
</testng-results>
